2020-04-19 16:41:14.688 (0x7ffc83be4750) Debug: New PolkitAgentListener  0x560e769d3000
2020-04-19 16:41:14.688 (0x7ffc83be4750) Debug: Adding new listener  PolkitQt1::Agent::Listener(0x7ffc83be4760) for  0x560e769d3000
2020-04-19 16:41:15.891 (0x7ffd791b7260) Debug: ()
2020-04-19 16:41:16.506 (0x7fff27be6a30) Warning: QDBusMarshaller: cannot add an invalid QVariant
2020-04-19 16:41:16.506 (0x7fff27be6a30) Warning: QDBusConnection: error: could not send message to service "org.freedesktop.login1" path "/org/freedesktop/login1" interface "org.freedesktop.login1.Manager" member "CanHibernate": Marshalling failed: Variant containing QVariant::Invalid passed in arguments
2020-04-19 16:41:16.511 (0x7fff27be6a30) Warning: QDBusMarshaller: cannot add an invalid QVariant
2020-04-19 16:41:16.511 (0x7fff27be6a30) Warning: QDBusConnection: error: could not send message to service "org.freedesktop.login1" path "/org/freedesktop/login1" interface "org.freedesktop.login1.Manager" member "CanSuspend": Marshalling failed: Variant containing QVariant::Invalid passed in arguments
2020-04-19 16:41:16.512 (0x7fff6fcba170) Warning: QDBusMarshaller: cannot add an invalid QVariant
2020-04-19 16:41:16.512 (0x7fff6fcba170) Warning: QDBusConnection: error: could not send message to service "org.freedesktop.login1" path "/org/freedesktop/login1" interface "org.freedesktop.login1.Manager" member "CanReboot": Marshalling failed: Variant containing QVariant::Invalid passed in arguments
2020-04-19 16:41:16.513 (0x7fff6fcba170) Warning: QDBusMarshaller: cannot add an invalid QVariant
2020-04-19 16:41:16.513 (0x7fff6fcba170) Warning: QDBusConnection: error: could not send message to service "org.freedesktop.login1" path "/org/freedesktop/login1" interface "org.freedesktop.login1.Manager" member "CanPowerOff": Marshalling failed: Variant containing QVariant::Invalid passed in arguments
2020-04-19 16:41:16.531 (0x7fff27be6a30) Warning: libpng warning: iCCP: known incorrect sRGB profile
2020-04-19 16:41:16.847 (0x7ffd791b7260) Debug: WinIdChange 1400008 handle QWidgetWindow(0x55deaece5d30, name="LXQtPanel panel1Window") QScreen(0x55deae5860f0, name="eDP-1")
2020-04-19 16:41:16.912 (0x7ffd791b7260) Debug: Systray started
2020-04-19 16:41:18.554 (0x7ffd791b7260) Warning: Failed enumerating UDisks2 objects: "org.freedesktop.DBus.Error.ServiceUnknown" 
 "The name org.freedesktop.UDisks2 was not provided by any .service files"
2020-04-19 16:41:18.555 (0x7ffd791b7260) Warning: Failed enumerating UDisks2 objects: "org.freedesktop.DBus.Error.ServiceUnknown" 
 "The name org.freedesktop.UDisks2 was not provided by any .service files"
2020-04-19 16:41:18.556 (0x7ffd791b7260) Warning: Failed enumerating UDisks2 objects: "org.freedesktop.DBus.Error.ServiceUnknown" 
 "The name org.freedesktop.UDisks2 was not provided by any .service files"
2020-04-19 16:41:18.557 (0x7ffd791b7260) Warning: Failed enumerating UDisks2 objects: "org.freedesktop.DBus.Error.ServiceUnknown" 
 "The name org.freedesktop.UDisks2 was not provided by any .service files"
2020-04-19 16:41:21.773 (0x7ffd791b7260) Warning: libpng warning: iCCP: known incorrect sRGB profile
2020-04-19 16:41:21.892 (0x7fffeb032950) Debug: BatteryChanged discharging: false chargeLevel: 100 actionTime: QTime(Invalid)
2020-04-19 16:41:21.899 (0x7fffeb032950) Debug: Inhibit got: 27
2020-04-19 16:41:22.247 (0x7fffeb032950) Debug: Starting idlenesswatcher
2020-04-19 16:41:45.593 (0x7ffd791b7260) Warning: libpng warning: iCCP: known incorrect sRGB profile
2020-04-19 16:41:45.604 (0x7ffd791b7260) Warning: libpng warning: iCCP: known incorrect sRGB profile
2020-04-19 16:41:45.637 (0x7ffd791b7260) Warning: libpng warning: iCCP: known incorrect sRGB profile
2020-04-19 16:41:45.657 (0x7ffd791b7260) Warning: libpng warning: iCCP: known incorrect sRGB profile
2020-04-19 16:41:45.673 (0x7ffd791b7260) Warning: libpng warning: iCCP: known incorrect sRGB profile
2020-04-19 16:41:45.674 (0x7ffd791b7260) Warning: libpng warning: iCCP: known incorrect sRGB profile
2020-04-19 16:41:45.674 (0x7ffd791b7260) Warning: libpng warning: iCCP: known incorrect sRGB profile
2020-04-19 16:41:45.680 (0x7ffd791b7260) Warning: libpng warning: iCCP: known incorrect sRGB profile
2020-04-19 16:42:22.444 (0x7ffc7206c8c0) Warning: QCommandLineParser: already having an option named "l"
2020-04-19 16:42:22.444 (0x7ffc7206c8c0) Warning: QCommandLineParser: already having an option named "h"
2020-04-19 16:42:22.444 (0x7ffc7206c8c0) Warning: QCommandLineParser: already having an option named "help-all"
2020-04-19 16:42:23.161 (0x7ffc7206c8c0) Debug: Connecting to KScreen...
2020-04-19 16:42:46.557 (0x7ffe9a76f3c0) Warning: Icon theme "oxygen" not found.
2020-04-19 16:42:46.557 (0x7fffeb032950) Warning: Icon theme "oxygen" not found.
2020-04-19 16:42:46.557 (0x7ffc5437e150) Warning: Icon theme "oxygen" not found.
2020-04-19 16:43:07.841 (0x7ffe246e84a0) Warning: Icon theme "oxygen" not found.
2020-04-19 16:43:08.091 (0x7ffd791b7260) Warning: Icon theme "oxygen" not found.
2020-04-19 16:43:11.722 (0x7ffdce9e97d0) Warning: Icon theme "oxygen" not found.
2020-04-19 16:43:30.572 (0x7ffd46c9fe90) Warning: Icon theme "oxygen" not found.
2020-04-19 16:43:33.471 (0x7ffc8e589d20) Warning: Icon theme "oxygen" not found.
2020-04-19 16:43:52.332 (0x7ffca0e33750) Warning: Icon theme "oxygen" not found.
2020-04-19 16:44:05.932 (0x7ffff99e6eb0) Debug: New PolkitAgentListener  0x56008a7bf200
2020-04-19 16:44:05.932 (0x7ffff99e6eb0) Debug: Adding new listener  PolkitQt1::Agent::Listener(0x7ffff99e6ec0) for  0x56008a7bf200
2020-04-19 16:44:06.083 (0x7ffe4aff7a50) Warning: Icon theme "oxygen" not found.
2020-04-19 16:44:06.106 (0x7ffdf7e280e0) Warning: Icon theme "oxygen" not found.
2020-04-19 16:44:06.117 (0x7ffdf7e280e0) Warning: QDBusMarshaller: cannot add an invalid QVariant
2020-04-19 16:44:06.117 (0x7ffdf7e280e0) Warning: QDBusConnection: error: could not send message to service "org.freedesktop.login1" path "/org/freedesktop/login1" interface "org.freedesktop.login1.Manager" member "CanHibernate": Marshalling failed: Variant containing QVariant::Invalid passed in arguments
2020-04-19 16:44:06.131 (0x7ffdf7e280e0) Warning: QDBusMarshaller: cannot add an invalid QVariant
2020-04-19 16:44:06.131 (0x7ffdf7e280e0) Warning: QDBusConnection: error: could not send message to service "org.freedesktop.login1" path "/org/freedesktop/login1" interface "org.freedesktop.login1.Manager" member "CanSuspend": Marshalling failed: Variant containing QVariant::Invalid passed in arguments
2020-04-19 16:44:06.136 (0x7ffcab59fc30) Warning: QDBusMarshaller: cannot add an invalid QVariant
2020-04-19 16:44:06.136 (0x7ffcab59fc30) Warning: QDBusConnection: error: could not send message to service "org.freedesktop.login1" path "/org/freedesktop/login1" interface "org.freedesktop.login1.Manager" member "CanReboot": Marshalling failed: Variant containing QVariant::Invalid passed in arguments
2020-04-19 16:44:06.142 (0x7ffcab59fc30) Warning: QDBusMarshaller: cannot add an invalid QVariant
2020-04-19 16:44:06.142 (0x7ffcab59fc30) Warning: QDBusConnection: error: could not send message to service "org.freedesktop.login1" path "/org/freedesktop/login1" interface "org.freedesktop.login1.Manager" member "CanPowerOff": Marshalling failed: Variant containing QVariant::Invalid passed in arguments
2020-04-19 16:44:06.178 (0x7ffdf7e280e0) Warning: libpng warning: iCCP: known incorrect sRGB profile
2020-04-19 16:44:06.291 (0x7ffe4aff7a50) Debug: ()
2020-04-19 16:44:06.625 (0x7ffe4aff7a50) Debug: WinIdChange 1a00008 handle QWidgetWindow(0x556029aaf310, name="LXQtPanel panel1Window") QScreen(0x5560293e8270, name="eDP-1")
2020-04-19 16:44:06.678 (0x7ffe4aff7a50) Debug: Systray started
2020-04-19 16:44:06.679 (0x7ffe4aff7a50) Warning: Failed enumerating UDisks2 objects: "org.freedesktop.DBus.Error.ServiceUnknown" 
 "The name org.freedesktop.UDisks2 was not provided by any .service files"
2020-04-19 16:44:06.679 (0x7ffe4aff7a50) Warning: Failed enumerating UDisks2 objects: "org.freedesktop.DBus.Error.ServiceUnknown" 
 "The name org.freedesktop.UDisks2 was not provided by any .service files"
2020-04-19 16:44:06.679 (0x7ffe4aff7a50) Warning: Failed enumerating UDisks2 objects: "org.freedesktop.DBus.Error.ServiceUnknown" 
 "The name org.freedesktop.UDisks2 was not provided by any .service files"
2020-04-19 16:44:06.680 (0x7ffe4aff7a50) Warning: Failed enumerating UDisks2 objects: "org.freedesktop.DBus.Error.ServiceUnknown" 
 "The name org.freedesktop.UDisks2 was not provided by any .service files"
2020-04-19 16:44:06.739 (0x7ffd429419c0) Warning: Icon theme "oxygen" not found.
2020-04-19 16:44:06.773 (0x7ffd429419c0) Debug: BatteryChanged discharging: false chargeLevel: 100 actionTime: QTime(Invalid)
2020-04-19 16:44:06.778 (0x7ffd429419c0) Debug: Inhibit got: 27
2020-04-19 16:44:06.778 (0x7ffd429419c0) Debug: Starting idlenesswatcher
2020-04-19 16:44:08.206 (0x7ffe4aff7a50) Warning: libpng warning: iCCP: known incorrect sRGB profile
2020-04-19 16:44:11.180 (0x7ffebd3df7c0) Warning: Icon theme "oxygen" not found.
2020-04-19 16:44:14.393 (0x7ffc4aba3d40) Warning: Icon theme "oxygen" not found.
2020-04-19 16:44:57.490 (0x7fff91625e20) Warning: Icon theme "oxygen" not found.
2020-04-19 16:45:12.153 (0x7fff91625e20) Warning: /usr/share/icons/Yaru++-Dark/apps/scalable/preferences-desktop-font.svg:173: Could not resolve property: #linearGradient1083
2020-04-19 16:45:12.154 (0x7fff91625e20) Warning: /usr/share/icons/Yaru++-Dark/apps/scalable/preferences-desktop-font.svg:173: Could not resolve property: #linearGradient1083
2020-04-19 16:45:12.154 (0x7fff91625e20) Warning: /usr/share/icons/Yaru++-Dark/apps/scalable/preferences-desktop-font.svg:173: Could not resolve property: #linearGradient1083
2020-04-19 16:45:12.154 (0x7fff91625e20) Warning: /usr/share/icons/Yaru++-Dark/apps/scalable/preferences-desktop-font.svg:173: Could not resolve property: #linearGradient1083
2020-04-19 16:45:12.154 (0x7fff91625e20) Warning: /usr/share/icons/Yaru++-Dark/apps/scalable/preferences-desktop-font.svg:173: Could not resolve property: #linearGradient1083
2020-04-19 16:45:12.154 (0x7fff91625e20) Warning: /usr/share/icons/Yaru++-Dark/apps/scalable/preferences-desktop-font.svg:173: Could not resolve property: #linearGradient1083
2020-04-19 16:45:12.154 (0x7fff91625e20) Warning: /usr/share/icons/Yaru++-Dark/apps/scalable/preferences-desktop-font.svg:173: Could not resolve property: #linearGradient1083
2020-04-19 16:45:12.154 (0x7fff91625e20) Warning: /usr/share/icons/Yaru++-Dark/apps/scalable/preferences-desktop-font.svg:173: Could not resolve property: #linearGradient1083
2020-04-19 16:45:12.155 (0x7fff91625e20) Warning: /usr/share/icons/Yaru++-Dark/apps/scalable/preferences-desktop-font.svg:173: Could not resolve property: #linearGradient1083
2020-04-19 16:45:12.155 (0x7fff91625e20) Warning: /usr/share/icons/Yaru++-Dark/apps/scalable/preferences-desktop-font.svg:173: Could not resolve property: #linearGradient1083
2020-04-19 16:45:12.155 (0x7fff91625e20) Warning: /usr/share/icons/Yaru++-Dark/apps/scalable/preferences-desktop-font.svg:173: Could not resolve property: #linearGradient1083
2020-04-19 16:45:12.155 (0x7fff91625e20) Warning: /usr/share/icons/Yaru++-Dark/apps/scalable/preferences-desktop-font.svg:173: Could not resolve property: #linearGradient1083
2020-04-19 16:45:20.603 (0x7fff91625e20) Warning: /usr/share/icons/Yaru++-Dark/apps/scalable/preferences-desktop-font.svg:173: Could not resolve property: #linearGradient1083
2020-04-19 16:45:20.603 (0x7fff91625e20) Warning: /usr/share/icons/Yaru++-Dark/apps/scalable/preferences-desktop-font.svg:173: Could not resolve property: #linearGradient1083
2020-04-19 16:45:20.603 (0x7fff91625e20) Warning: /usr/share/icons/Yaru++-Dark/apps/scalable/preferences-desktop-font.svg:173: Could not resolve property: #linearGradient1083
2020-04-19 16:45:20.603 (0x7fff91625e20) Warning: /usr/share/icons/Yaru++-Dark/apps/scalable/preferences-desktop-font.svg:173: Could not resolve property: #linearGradient1083
2020-04-19 16:45:27.132 (0x7fff91625e20) Warning: Failed to compute left/right minimum bearings for "cursor.pcf"
2020-04-19 16:45:27.214 (0x7fff91625e20) Warning: Failed to compute left/right minimum bearings for "deccurs.pcf"
2020-04-19 16:45:27.242 (0x7fff91625e20) Warning: Failed to compute left/right minimum bearings for "decsess.pcf"
2020-04-19 16:45:27.961 (0x7fff91625e20) Warning: Failed to compute left/right minimum bearings for "cursor.pcf"
2020-04-19 16:45:27.962 (0x7fff91625e20) Warning: Failed to compute left/right minimum bearings for "deccurs.pcf"
2020-04-19 16:45:27.963 (0x7fff91625e20) Warning: Failed to compute left/right minimum bearings for "decsess.pcf"
2020-04-19 16:45:28.040 (0x7fff91625e20) Warning: Failed to compute left/right minimum bearings for "cursor.pcf"
2020-04-19 16:45:28.072 (0x7fff91625e20) Warning: Failed to compute left/right minimum bearings for "cursor.pcf"
2020-04-19 16:45:28.523 (0x7fff91625e20) Warning: Failed to compute left/right minimum bearings for "deccurs.pcf"
2020-04-19 16:45:28.523 (0x7fff91625e20) Warning: Failed to compute left/right minimum bearings for "decsess.pcf"
2020-04-19 16:45:47.545 (0x7ffdd3a36430) Warning: QFont::fromString: Invalid description '(empty)'
2020-04-19 16:45:47.546 (0x7ffdf7e280e0) Warning: QFont::fromString: Invalid description '(empty)'
2020-04-19 16:45:47.546 (0x7ffff99e6eb0) Warning: QFont::fromString: Invalid description '(empty)'
2020-04-19 16:45:47.546 (0x7ffc4aba3d40) Warning: QFont::fromString: Invalid description '(empty)'
2020-04-19 16:45:47.546 (0x7ffebd3df7c0) Warning: QFont::fromString: Invalid description '(empty)'
2020-04-19 16:45:47.547 (0x7ffd429419c0) Warning: QFont::fromString: Invalid description '(empty)'
2020-04-19 16:45:47.547 (0x7ffcab59fc30) Warning: QFont::fromString: Invalid description '(empty)'
2020-04-19 16:45:47.549 (0x7ffe4aff7a50) Warning: QFont::fromString: Invalid description '(empty)'
2020-04-19 16:45:47.622 (0x7fff91625e20) Warning: QFont::fromString: Invalid description '(empty)'
2020-04-19 16:46:28.941 (0x7ffeacf9d280) Warning: Invalid Context= "Mimetypes" line for icon theme:  "/usr/share/icons/Yaru++-Dark/mimetypes/scalable/"
2020-04-19 16:46:28.942 (0x7ffeacf9d280) Warning: Icon theme "Humanity" not found.
2020-04-19 16:46:29.476 (0x7ffeacf9d280) Warning: /usr/share/icons/Yaru++-Dark/apps/scalable/preferences-desktop-font.svg:173: Could not resolve property: #linearGradient1083
2020-04-19 16:46:29.476 (0x7ffeacf9d280) Warning: /usr/share/icons/Yaru++-Dark/apps/scalable/preferences-desktop-font.svg:173: Could not resolve property: #linearGradient1083
2020-04-19 16:46:29.476 (0x7ffeacf9d280) Warning: /usr/share/icons/Yaru++-Dark/apps/scalable/preferences-desktop-font.svg:173: Could not resolve property: #linearGradient1083
2020-04-19 16:46:29.476 (0x7ffeacf9d280) Warning: /usr/share/icons/Yaru++-Dark/apps/scalable/preferences-desktop-font.svg:173: Could not resolve property: #linearGradient1083
2020-04-19 16:46:29.476 (0x7ffeacf9d280) Warning: /usr/share/icons/Yaru++-Dark/apps/scalable/preferences-desktop-font.svg:173: Could not resolve property: #linearGradient1083
2020-04-19 16:46:29.476 (0x7ffeacf9d280) Warning: /usr/share/icons/Yaru++-Dark/apps/scalable/preferences-desktop-font.svg:173: Could not resolve property: #linearGradient1083
2020-04-19 16:46:29.476 (0x7ffeacf9d280) Warning: /usr/share/icons/Yaru++-Dark/apps/scalable/preferences-desktop-font.svg:173: Could not resolve property: #linearGradient1083
2020-04-19 16:46:29.476 (0x7ffeacf9d280) Warning: /usr/share/icons/Yaru++-Dark/apps/scalable/preferences-desktop-font.svg:173: Could not resolve property: #linearGradient1083
2020-04-19 16:46:29.477 (0x7ffeacf9d280) Warning: /usr/share/icons/Yaru++-Dark/apps/scalable/preferences-desktop-font.svg:173: Could not resolve property: #linearGradient1083
2020-04-19 16:46:29.477 (0x7ffeacf9d280) Warning: /usr/share/icons/Yaru++-Dark/apps/scalable/preferences-desktop-font.svg:173: Could not resolve property: #linearGradient1083
2020-04-19 16:46:29.477 (0x7ffeacf9d280) Warning: /usr/share/icons/Yaru++-Dark/apps/scalable/preferences-desktop-font.svg:173: Could not resolve property: #linearGradient1083
2020-04-19 16:46:29.477 (0x7ffeacf9d280) Warning: /usr/share/icons/Yaru++-Dark/apps/scalable/preferences-desktop-font.svg:173: Could not resolve property: #linearGradient1083
2020-04-19 16:46:33.474 (0x7ffeacf9d280) Warning: /usr/share/icons/Yaru++-Dark/apps/scalable/preferences-desktop-font.svg:173: Could not resolve property: #linearGradient1083
2020-04-19 16:46:33.474 (0x7ffeacf9d280) Warning: /usr/share/icons/Yaru++-Dark/apps/scalable/preferences-desktop-font.svg:173: Could not resolve property: #linearGradient1083
2020-04-19 16:46:33.474 (0x7ffeacf9d280) Warning: /usr/share/icons/Yaru++-Dark/apps/scalable/preferences-desktop-font.svg:173: Could not resolve property: #linearGradient1083
2020-04-19 16:46:33.474 (0x7ffeacf9d280) Warning: /usr/share/icons/Yaru++-Dark/apps/scalable/preferences-desktop-font.svg:173: Could not resolve property: #linearGradient1083
2020-04-19 16:46:38.861 (0x7ffe4aff7a50) Warning: QXcbConnection: XCB error: 3 (BadWindow), sequence: 6032, resource id: 35652018, major code: 18 (ChangeProperty), minor code: 0
2020-04-19 16:47:12.618 (0x7ffdfbc0b1e0) Warning: Invalid Context= "Mimetypes" line for icon theme:  "/usr/share/icons/Yaru++-Dark/mimetypes/scalable/"
2020-04-19 16:47:12.618 (0x7ffdfbc0b1e0) Warning: Icon theme "Humanity" not found.
2020-04-19 16:47:13.151 (0x7ffdfbc0b1e0) Warning: /usr/share/icons/Yaru++-Dark/apps/scalable/preferences-desktop-font.svg:173: Could not resolve property: #linearGradient1083
2020-04-19 16:47:13.152 (0x7ffdfbc0b1e0) Warning: /usr/share/icons/Yaru++-Dark/apps/scalable/preferences-desktop-font.svg:173: Could not resolve property: #linearGradient1083
2020-04-19 16:47:13.152 (0x7ffdfbc0b1e0) Warning: /usr/share/icons/Yaru++-Dark/apps/scalable/preferences-desktop-font.svg:173: Could not resolve property: #linearGradient1083
2020-04-19 16:47:13.152 (0x7ffdfbc0b1e0) Warning: /usr/share/icons/Yaru++-Dark/apps/scalable/preferences-desktop-font.svg:173: Could not resolve property: #linearGradient1083
2020-04-19 16:47:13.154 (0x7ffdfbc0b1e0) Warning: /usr/share/icons/Yaru++-Dark/apps/scalable/preferences-desktop-font.svg:173: Could not resolve property: #linearGradient1083
2020-04-19 16:47:13.154 (0x7ffdfbc0b1e0) Warning: /usr/share/icons/Yaru++-Dark/apps/scalable/preferences-desktop-font.svg:173: Could not resolve property: #linearGradient1083
2020-04-19 16:47:13.154 (0x7ffdfbc0b1e0) Warning: /usr/share/icons/Yaru++-Dark/apps/scalable/preferences-desktop-font.svg:173: Could not resolve property: #linearGradient1083
2020-04-19 16:47:13.154 (0x7ffdfbc0b1e0) Warning: /usr/share/icons/Yaru++-Dark/apps/scalable/preferences-desktop-font.svg:173: Could not resolve property: #linearGradient1083
2020-04-19 16:47:13.157 (0x7ffdfbc0b1e0) Warning: /usr/share/icons/Yaru++-Dark/apps/scalable/preferences-desktop-font.svg:173: Could not resolve property: #linearGradient1083
2020-04-19 16:47:13.157 (0x7ffdfbc0b1e0) Warning: /usr/share/icons/Yaru++-Dark/apps/scalable/preferences-desktop-font.svg:173: Could not resolve property: #linearGradient1083
2020-04-19 16:47:13.157 (0x7ffdfbc0b1e0) Warning: /usr/share/icons/Yaru++-Dark/apps/scalable/preferences-desktop-font.svg:173: Could not resolve property: #linearGradient1083
2020-04-19 16:47:13.157 (0x7ffdfbc0b1e0) Warning: /usr/share/icons/Yaru++-Dark/apps/scalable/preferences-desktop-font.svg:173: Could not resolve property: #linearGradient1083
2020-04-19 16:47:17.276 (0x7ffe4aff7a50) Warning: QXcbConnection: XCB error: 3 (BadWindow), sequence: 9787, resource id: 35652018, major code: 18 (ChangeProperty), minor code: 0
2020-04-19 16:47:21.923 (0x7ffcab59fc30) Warning: QDBusMarshaller: cannot add an invalid QVariant
2020-04-19 16:47:21.923 (0x7ffcab59fc30) Warning: QDBusConnection: error: could not send message to service "org.freedesktop.login1" path "/org/freedesktop/login1" interface "org.freedesktop.login1.Manager" member "CanPowerOff": Marshalling failed: Variant containing QVariant::Invalid passed in arguments
2020-04-19 16:47:21.926 (0x7ffd9cb17050) Warning: QDBusMarshaller: cannot add an invalid QVariant
2020-04-19 16:47:21.926 (0x7ffd9cb17050) Warning: QDBusConnection: error: could not send message to service "org.freedesktop.login1" path "/org/freedesktop/login1" interface "org.freedesktop.login1.Manager" member "CanSuspend": Marshalling failed: Variant containing QVariant::Invalid passed in arguments
2020-04-19 16:47:21.927 (0x7ffcab59fc30) Warning: QDBusMarshaller: cannot add an invalid QVariant
2020-04-19 16:47:21.927 (0x7ffcab59fc30) Warning: QDBusConnection: error: could not send message to service "org.freedesktop.login1" path "/org/freedesktop/login1" interface "org.freedesktop.login1.Manager" member "CanReboot": Marshalling failed: Variant containing QVariant::Invalid passed in arguments
2020-04-19 16:47:21.927 (0x7ffd9cb17050) Warning: QDBusMarshaller: cannot add an invalid QVariant
2020-04-19 16:47:21.927 (0x7ffd9cb17050) Warning: QDBusConnection: error: could not send message to service "org.freedesktop.login1" path "/org/freedesktop/login1" interface "org.freedesktop.login1.Manager" member "CanHibernate": Marshalling failed: Variant containing QVariant::Invalid passed in arguments
2020-04-19 16:47:21.928 (0x7ffd9cb17050) Warning: Invalid Context= "Mimetypes" line for icon theme:  "/usr/share/icons/Yaru++-Dark/mimetypes/scalable/"
2020-04-19 16:47:21.929 (0x7ffd9cb17050) Warning: Icon theme "Humanity" not found.
2020-04-19 16:47:33.540 (0x7ffde7691ea0) Debug: New PolkitAgentListener  0x5643250f3400
2020-04-19 16:47:33.540 (0x7ffde7691ea0) Debug: Adding new listener  PolkitQt1::Agent::Listener(0x7ffde7691eb0) for  0x5643250f3400
2020-04-19 16:47:33.649 (0x7ffd74e909b0) Warning: Invalid Context= "Mimetypes" line for icon theme:  "/usr/share/icons/Yaru++-Dark/mimetypes/scalable/"
2020-04-19 16:47:33.649 (0x7ffd74e909b0) Warning: Icon theme "Humanity" not found.
2020-04-19 16:47:33.683 (0x7ffca0840b50) Warning: Invalid Context= "Mimetypes" line for icon theme:  "/usr/share/icons/Yaru++-Dark/mimetypes/scalable/"
2020-04-19 16:47:33.683 (0x7ffca0840b50) Warning: Icon theme "Humanity" not found.
2020-04-19 16:47:33.691 (0x7ffca0840b50) Warning: QDBusMarshaller: cannot add an invalid QVariant
2020-04-19 16:47:33.691 (0x7ffca0840b50) Warning: QDBusConnection: error: could not send message to service "org.freedesktop.login1" path "/org/freedesktop/login1" interface "org.freedesktop.login1.Manager" member "CanHibernate": Marshalling failed: Variant containing QVariant::Invalid passed in arguments
2020-04-19 16:47:33.693 (0x7ffca0840b50) Warning: QDBusMarshaller: cannot add an invalid QVariant
2020-04-19 16:47:33.693 (0x7ffca0840b50) Warning: QDBusConnection: error: could not send message to service "org.freedesktop.login1" path "/org/freedesktop/login1" interface "org.freedesktop.login1.Manager" member "CanSuspend": Marshalling failed: Variant containing QVariant::Invalid passed in arguments
2020-04-19 16:47:33.695 (0x7ffd83f093e0) Warning: QDBusMarshaller: cannot add an invalid QVariant
2020-04-19 16:47:33.695 (0x7ffd83f093e0) Warning: QDBusConnection: error: could not send message to service "org.freedesktop.login1" path "/org/freedesktop/login1" interface "org.freedesktop.login1.Manager" member "CanReboot": Marshalling failed: Variant containing QVariant::Invalid passed in arguments
2020-04-19 16:47:33.696 (0x7ffd83f093e0) Warning: QDBusMarshaller: cannot add an invalid QVariant
2020-04-19 16:47:33.696 (0x7ffd83f093e0) Warning: QDBusConnection: error: could not send message to service "org.freedesktop.login1" path "/org/freedesktop/login1" interface "org.freedesktop.login1.Manager" member "CanPowerOff": Marshalling failed: Variant containing QVariant::Invalid passed in arguments
2020-04-19 16:47:33.712 (0x7ffca0840b50) Warning: libpng warning: iCCP: known incorrect sRGB profile
2020-04-19 16:47:33.852 (0x7ffd74e909b0) Debug: ()
2020-04-19 16:47:34.200 (0x7ffd74e909b0) Debug: WinIdChange 1800008 handle QWidgetWindow(0x559118978350, name="LXQtPanel panel1Window") QScreen(0x55911881a0f0, name="eDP-1")
2020-04-19 16:47:34.255 (0x7ffd74e909b0) Debug: Systray started
2020-04-19 16:47:34.255 (0x7ffd74e909b0) Warning: Failed enumerating UDisks2 objects: "org.freedesktop.DBus.Error.ServiceUnknown" 
 "The name org.freedesktop.UDisks2 was not provided by any .service files"
2020-04-19 16:47:34.256 (0x7ffd74e909b0) Warning: Failed enumerating UDisks2 objects: "org.freedesktop.DBus.Error.ServiceUnknown" 
 "The name org.freedesktop.UDisks2 was not provided by any .service files"
2020-04-19 16:47:34.256 (0x7ffd74e909b0) Warning: Failed enumerating UDisks2 objects: "org.freedesktop.DBus.Error.ServiceUnknown" 
 "The name org.freedesktop.UDisks2 was not provided by any .service files"
2020-04-19 16:47:34.256 (0x7ffd74e909b0) Warning: Failed enumerating UDisks2 objects: "org.freedesktop.DBus.Error.ServiceUnknown" 
 "The name org.freedesktop.UDisks2 was not provided by any .service files"
2020-04-19 16:47:34.362 (0x7fff5111f3a0) Warning: Invalid Context= "Mimetypes" line for icon theme:  "/usr/share/icons/Yaru++-Dark/mimetypes/scalable/"
2020-04-19 16:47:34.363 (0x7fff5111f3a0) Warning: Icon theme "Humanity" not found.
2020-04-19 16:47:34.378 (0x7fff5111f3a0) Debug: BatteryChanged discharging: false chargeLevel: 100 actionTime: QTime(Invalid)
2020-04-19 16:47:34.382 (0x7fff5111f3a0) Debug: Inhibit got: 26
2020-04-19 16:47:34.383 (0x7fff5111f3a0) Debug: Starting idlenesswatcher
2020-04-19 16:47:35.493 (0x7ffd74e909b0) Warning: libpng warning: iCCP: known incorrect sRGB profile
2020-04-19 16:47:38.369 (0x7fff776e4150) Warning: Invalid Context= "Mimetypes" line for icon theme:  "/usr/share/icons/Yaru++-Dark/mimetypes/scalable/"
2020-04-19 16:47:38.370 (0x7fff776e4150) Warning: Icon theme "Humanity" not found.
2020-04-19 16:47:40.236 (0x7ffc62b661d0) Warning: Invalid Context= "Mimetypes" line for icon theme:  "/usr/share/icons/Yaru++-Dark/mimetypes/scalable/"
2020-04-19 16:47:40.236 (0x7ffc62b661d0) Warning: Icon theme "Humanity" not found.
2020-04-19 16:47:44.989 (0x7fff9cd966a0) Warning: Invalid Context= "Mimetypes" line for icon theme:  "/usr/share/icons/Yaru++-Dark/mimetypes/scalable/"
2020-04-19 16:47:44.990 (0x7fff9cd966a0) Warning: Icon theme "Humanity" not found.
2020-04-19 16:47:45.517 (0x7fff9cd966a0) Warning: /usr/share/icons/Yaru++-Dark/apps/scalable/preferences-desktop-font.svg:173: Could not resolve property: #linearGradient1083
2020-04-19 16:47:45.517 (0x7fff9cd966a0) Warning: /usr/share/icons/Yaru++-Dark/apps/scalable/preferences-desktop-font.svg:173: Could not resolve property: #linearGradient1083
2020-04-19 16:47:45.517 (0x7fff9cd966a0) Warning: /usr/share/icons/Yaru++-Dark/apps/scalable/preferences-desktop-font.svg:173: Could not resolve property: #linearGradient1083
2020-04-19 16:47:45.518 (0x7fff9cd966a0) Warning: /usr/share/icons/Yaru++-Dark/apps/scalable/preferences-desktop-font.svg:173: Could not resolve property: #linearGradient1083
2020-04-19 16:47:45.520 (0x7fff9cd966a0) Warning: /usr/share/icons/Yaru++-Dark/apps/scalable/preferences-desktop-font.svg:173: Could not resolve property: #linearGradient1083
2020-04-19 16:47:45.520 (0x7fff9cd966a0) Warning: /usr/share/icons/Yaru++-Dark/apps/scalable/preferences-desktop-font.svg:173: Could not resolve property: #linearGradient1083
2020-04-19 16:47:45.520 (0x7fff9cd966a0) Warning: /usr/share/icons/Yaru++-Dark/apps/scalable/preferences-desktop-font.svg:173: Could not resolve property: #linearGradient1083
2020-04-19 16:47:45.520 (0x7fff9cd966a0) Warning: /usr/share/icons/Yaru++-Dark/apps/scalable/preferences-desktop-font.svg:173: Could not resolve property: #linearGradient1083
2020-04-19 16:47:45.522 (0x7fff9cd966a0) Warning: /usr/share/icons/Yaru++-Dark/apps/scalable/preferences-desktop-font.svg:173: Could not resolve property: #linearGradient1083
2020-04-19 16:47:45.522 (0x7fff9cd966a0) Warning: /usr/share/icons/Yaru++-Dark/apps/scalable/preferences-desktop-font.svg:173: Could not resolve property: #linearGradient1083
2020-04-19 16:47:45.522 (0x7fff9cd966a0) Warning: /usr/share/icons/Yaru++-Dark/apps/scalable/preferences-desktop-font.svg:173: Could not resolve property: #linearGradient1083
2020-04-19 16:47:45.523 (0x7fff9cd966a0) Warning: /usr/share/icons/Yaru++-Dark/apps/scalable/preferences-desktop-font.svg:173: Could not resolve property: #linearGradient1083
2020-04-19 16:48:04.404 (0x7fff9cd966a0) Warning: /usr/share/icons/Yaru++-Dark/apps/scalable/preferences-desktop-font.svg:173: Could not resolve property: #linearGradient1083
2020-04-19 16:48:04.404 (0x7fff9cd966a0) Warning: /usr/share/icons/Yaru++-Dark/apps/scalable/preferences-desktop-font.svg:173: Could not resolve property: #linearGradient1083
2020-04-19 16:48:04.404 (0x7fff9cd966a0) Warning: /usr/share/icons/Yaru++-Dark/apps/scalable/preferences-desktop-font.svg:173: Could not resolve property: #linearGradient1083
2020-04-19 16:48:04.404 (0x7fff9cd966a0) Warning: /usr/share/icons/Yaru++-Dark/apps/scalable/preferences-desktop-font.svg:173: Could not resolve property: #linearGradient1083
2020-04-19 16:48:13.472 (0x7ffeb64e4600) Warning: Invalid Context= "Mimetypes" line for icon theme:  "/usr/share/icons/Yaru++-Dark/mimetypes/scalable/"
2020-04-19 16:48:13.473 (0x7ffeb64e4600) Warning: Icon theme "Humanity" not found.
2020-04-19 16:48:16.824 (0x7ffea4da2480) Warning: Invalid Context= "Mimetypes" line for icon theme:  "/usr/share/icons/Yaru++-Dark/mimetypes/scalable/"
2020-04-19 16:48:16.824 (0x7ffea4da2480) Warning: Icon theme "Humanity" not found.
2020-04-19 16:48:17.352 (0x7ffea4da2480) Warning: /usr/share/icons/Yaru++-Dark/apps/scalable/preferences-desktop-font.svg:173: Could not resolve property: #linearGradient1083
2020-04-19 16:48:17.352 (0x7ffea4da2480) Warning: /usr/share/icons/Yaru++-Dark/apps/scalable/preferences-desktop-font.svg:173: Could not resolve property: #linearGradient1083
2020-04-19 16:48:17.352 (0x7ffea4da2480) Warning: /usr/share/icons/Yaru++-Dark/apps/scalable/preferences-desktop-font.svg:173: Could not resolve property: #linearGradient1083
2020-04-19 16:48:17.352 (0x7ffea4da2480) Warning: /usr/share/icons/Yaru++-Dark/apps/scalable/preferences-desktop-font.svg:173: Could not resolve property: #linearGradient1083
2020-04-19 16:48:17.354 (0x7ffea4da2480) Warning: /usr/share/icons/Yaru++-Dark/apps/scalable/preferences-desktop-font.svg:173: Could not resolve property: #linearGradient1083
2020-04-19 16:48:17.354 (0x7ffea4da2480) Warning: /usr/share/icons/Yaru++-Dark/apps/scalable/preferences-desktop-font.svg:173: Could not resolve property: #linearGradient1083
2020-04-19 16:48:17.354 (0x7ffea4da2480) Warning: /usr/share/icons/Yaru++-Dark/apps/scalable/preferences-desktop-font.svg:173: Could not resolve property: #linearGradient1083
2020-04-19 16:48:17.355 (0x7ffea4da2480) Warning: /usr/share/icons/Yaru++-Dark/apps/scalable/preferences-desktop-font.svg:173: Could not resolve property: #linearGradient1083
2020-04-19 16:48:17.357 (0x7ffea4da2480) Warning: /usr/share/icons/Yaru++-Dark/apps/scalable/preferences-desktop-font.svg:173: Could not resolve property: #linearGradient1083
2020-04-19 16:48:17.357 (0x7ffea4da2480) Warning: /usr/share/icons/Yaru++-Dark/apps/scalable/preferences-desktop-font.svg:173: Could not resolve property: #linearGradient1083
2020-04-19 16:48:17.357 (0x7ffea4da2480) Warning: /usr/share/icons/Yaru++-Dark/apps/scalable/preferences-desktop-font.svg:173: Could not resolve property: #linearGradient1083
2020-04-19 16:48:17.357 (0x7ffea4da2480) Warning: /usr/share/icons/Yaru++-Dark/apps/scalable/preferences-desktop-font.svg:173: Could not resolve property: #linearGradient1083
2020-04-19 16:48:51.972 (0x7ffd74e909b0) Warning: libpng warning: iCCP: known incorrect sRGB profile
2020-04-19 16:48:51.977 (0x7ffd74e909b0) Warning: libpng warning: iCCP: known incorrect sRGB profile
2020-04-19 16:48:51.981 (0x7ffd74e909b0) Warning: libpng warning: iCCP: known incorrect sRGB profile
2020-04-19 16:48:51.986 (0x7ffd74e909b0) Warning: libpng warning: iCCP: known incorrect sRGB profile
2020-04-19 16:48:51.988 (0x7ffd74e909b0) Warning: libpng warning: iCCP: known incorrect sRGB profile
2020-04-19 16:48:51.989 (0x7ffd74e909b0) Warning: libpng warning: iCCP: known incorrect sRGB profile
2020-04-19 16:48:51.989 (0x7ffd74e909b0) Warning: libpng warning: iCCP: known incorrect sRGB profile
2020-04-19 16:48:51.993 (0x7ffd74e909b0) Warning: libpng warning: iCCP: known incorrect sRGB profile
2020-04-19 16:49:42.005 (0x7ffe9d488090) Warning: Invalid Context= "Mimetypes" line for icon theme:  "/usr/share/icons/Yaru++-Dark/mimetypes/scalable/"
2020-04-19 16:49:42.006 (0x7ffe9d488090) Warning: Icon theme "Humanity" not found.
2020-04-19 16:49:43.053 (0x7ffd83f093e0) Warning: QDBusMarshaller: cannot add an invalid QVariant
2020-04-19 16:49:43.053 (0x7ffd83f093e0) Warning: QDBusConnection: error: could not send message to service "org.freedesktop.login1" path "/org/freedesktop/login1" interface "org.freedesktop.login1.Manager" member "CanReboot": Marshalling failed: Variant containing QVariant::Invalid passed in arguments
2020-04-19 16:49:43.430 (0x7ffd83f093e0) Warning: QDBusMarshaller: cannot add an invalid QVariant
2020-04-19 16:49:43.430 (0x7ffd83f093e0) Warning: QDBusConnection: error: could not send message to service "org.freedesktop.login1" path "/org/freedesktop/login1" interface "org.freedesktop.login1.Manager" member "CanReboot": Marshalling failed: Variant containing QVariant::Invalid passed in arguments
2020-04-19 16:50:16.963 (0x7ffff184c850) Debug: New PolkitAgentListener  0x5600bda97e00
2020-04-19 16:50:16.969 (0x7ffff184c850) Debug: Adding new listener  PolkitQt1::Agent::Listener(0x7ffff184c860) for  0x5600bda97e00
2020-04-19 16:50:17.060 (0x7fff6199cd30) Warning: Invalid Context= "Mimetypes" line for icon theme:  "/usr/share/icons/Yaru++-Dark/mimetypes/scalable/"
2020-04-19 16:50:17.061 (0x7fff6199cd30) Warning: Icon theme "Humanity" not found.
2020-04-19 16:50:18.197 (0x7fff6199cd30) Debug: ()
2020-04-19 16:50:18.448 (0x7ffc61d514b0) Warning: Invalid Context= "Mimetypes" line for icon theme:  "/usr/share/icons/Yaru++-Dark/mimetypes/scalable/"
2020-04-19 16:50:18.448 (0x7ffc61d514b0) Warning: Icon theme "Humanity" not found.
2020-04-19 16:50:18.460 (0x7ffc61d514b0) Warning: QDBusMarshaller: cannot add an invalid QVariant
2020-04-19 16:50:18.460 (0x7ffc61d514b0) Warning: QDBusConnection: error: could not send message to service "org.freedesktop.login1" path "/org/freedesktop/login1" interface "org.freedesktop.login1.Manager" member "CanHibernate": Marshalling failed: Variant containing QVariant::Invalid passed in arguments
2020-04-19 16:50:18.465 (0x7ffc61d514b0) Warning: QDBusMarshaller: cannot add an invalid QVariant
2020-04-19 16:50:18.465 (0x7ffc61d514b0) Warning: QDBusConnection: error: could not send message to service "org.freedesktop.login1" path "/org/freedesktop/login1" interface "org.freedesktop.login1.Manager" member "CanSuspend": Marshalling failed: Variant containing QVariant::Invalid passed in arguments
2020-04-19 16:50:18.468 (0x7ffe17322fc0) Warning: QDBusMarshaller: cannot add an invalid QVariant
2020-04-19 16:50:18.468 (0x7ffe17322fc0) Warning: QDBusConnection: error: could not send message to service "org.freedesktop.login1" path "/org/freedesktop/login1" interface "org.freedesktop.login1.Manager" member "CanReboot": Marshalling failed: Variant containing QVariant::Invalid passed in arguments
2020-04-19 16:50:18.469 (0x7ffe17322fc0) Warning: QDBusMarshaller: cannot add an invalid QVariant
2020-04-19 16:50:18.469 (0x7ffe17322fc0) Warning: QDBusConnection: error: could not send message to service "org.freedesktop.login1" path "/org/freedesktop/login1" interface "org.freedesktop.login1.Manager" member "CanPowerOff": Marshalling failed: Variant containing QVariant::Invalid passed in arguments
2020-04-19 16:50:18.488 (0x7ffc61d514b0) Warning: libpng warning: iCCP: known incorrect sRGB profile
2020-04-19 16:50:18.824 (0x7fff6199cd30) Debug: WinIdChange 1800008 handle QWidgetWindow(0x55d6d1717e20, name="LXQtPanel panel1Window") QScreen(0x55d6d0faa0f0, name="eDP-1")
2020-04-19 16:50:18.879 (0x7fff6199cd30) Debug: Systray started
2020-04-19 16:50:18.879 (0x7fff6199cd30) Warning: Failed enumerating UDisks2 objects: "org.freedesktop.DBus.Error.ServiceUnknown" 
 "The name org.freedesktop.UDisks2 was not provided by any .service files"
2020-04-19 16:50:18.879 (0x7fff6199cd30) Warning: Failed enumerating UDisks2 objects: "org.freedesktop.DBus.Error.ServiceUnknown" 
 "The name org.freedesktop.UDisks2 was not provided by any .service files"
2020-04-19 16:50:18.879 (0x7fff6199cd30) Warning: Failed enumerating UDisks2 objects: "org.freedesktop.DBus.Error.ServiceUnknown" 
 "The name org.freedesktop.UDisks2 was not provided by any .service files"
2020-04-19 16:50:18.880 (0x7fff6199cd30) Warning: Failed enumerating UDisks2 objects: "org.freedesktop.DBus.Error.ServiceUnknown" 
 "The name org.freedesktop.UDisks2 was not provided by any .service files"
2020-04-19 16:50:18.959 (0x7ffeca14cb30) Warning: Invalid Context= "Mimetypes" line for icon theme:  "/usr/share/icons/Yaru++-Dark/mimetypes/scalable/"
2020-04-19 16:50:18.959 (0x7ffeca14cb30) Warning: Icon theme "Humanity" not found.
2020-04-19 16:50:18.975 (0x7ffeca14cb30) Debug: BatteryChanged discharging: false chargeLevel: 100 actionTime: QTime(Invalid)
2020-04-19 16:50:18.979 (0x7ffeca14cb30) Debug: Inhibit got: 26
2020-04-19 16:50:18.979 (0x7ffeca14cb30) Debug: Starting idlenesswatcher
2020-04-19 16:50:20.197 (0x7fff6199cd30) Warning: libpng warning: iCCP: known incorrect sRGB profile
2020-04-19 16:50:22.188 (0x7ffc2f2f3290) Warning: Invalid Context= "Mimetypes" line for icon theme:  "/usr/share/icons/Yaru++-Dark/mimetypes/scalable/"
2020-04-19 16:50:22.189 (0x7ffc2f2f3290) Warning: Icon theme "Humanity" not found.
2020-04-19 16:50:22.674 (0x7fff2a25a4f0) Warning: Invalid Context= "Mimetypes" line for icon theme:  "/usr/share/icons/Yaru++-Dark/mimetypes/scalable/"
2020-04-19 16:50:22.674 (0x7fff2a25a4f0) Warning: Icon theme "Humanity" not found.
2020-04-19 16:50:42.970 (0x7ffd97c63550) Warning: Invalid Context= "Mimetypes" line for icon theme:  "/usr/share/icons/Yaru++-Dark/mimetypes/scalable/"
2020-04-19 16:50:42.971 (0x7ffd97c63550) Warning: Icon theme "Humanity" not found.
2020-04-19 16:52:53.924 (0x7ffe1ed61df0) Warning: Invalid Context= "Mimetypes" line for icon theme:  "/usr/share/icons/Yaru++-Dark/mimetypes/scalable/"
2020-04-19 16:52:53.925 (0x7ffe1ed61df0) Warning: Icon theme "Humanity" not found.
2020-04-19 16:52:54.455 (0x7ffe1ed61df0) Warning: /usr/share/icons/Yaru++-Dark/apps/scalable/preferences-desktop-font.svg:173: Could not resolve property: #linearGradient1083
2020-04-19 16:52:54.455 (0x7ffe1ed61df0) Warning: /usr/share/icons/Yaru++-Dark/apps/scalable/preferences-desktop-font.svg:173: Could not resolve property: #linearGradient1083
2020-04-19 16:52:54.455 (0x7ffe1ed61df0) Warning: /usr/share/icons/Yaru++-Dark/apps/scalable/preferences-desktop-font.svg:173: Could not resolve property: #linearGradient1083
2020-04-19 16:52:54.455 (0x7ffe1ed61df0) Warning: /usr/share/icons/Yaru++-Dark/apps/scalable/preferences-desktop-font.svg:173: Could not resolve property: #linearGradient1083
2020-04-19 16:52:54.456 (0x7ffe1ed61df0) Warning: /usr/share/icons/Yaru++-Dark/apps/scalable/preferences-desktop-font.svg:173: Could not resolve property: #linearGradient1083
2020-04-19 16:52:54.456 (0x7ffe1ed61df0) Warning: /usr/share/icons/Yaru++-Dark/apps/scalable/preferences-desktop-font.svg:173: Could not resolve property: #linearGradient1083
2020-04-19 16:52:54.456 (0x7ffe1ed61df0) Warning: /usr/share/icons/Yaru++-Dark/apps/scalable/preferences-desktop-font.svg:173: Could not resolve property: #linearGradient1083
2020-04-19 16:52:54.456 (0x7ffe1ed61df0) Warning: /usr/share/icons/Yaru++-Dark/apps/scalable/preferences-desktop-font.svg:173: Could not resolve property: #linearGradient1083
2020-04-19 16:52:54.456 (0x7ffe1ed61df0) Warning: /usr/share/icons/Yaru++-Dark/apps/scalable/preferences-desktop-font.svg:173: Could not resolve property: #linearGradient1083
2020-04-19 16:52:54.456 (0x7ffe1ed61df0) Warning: /usr/share/icons/Yaru++-Dark/apps/scalable/preferences-desktop-font.svg:173: Could not resolve property: #linearGradient1083
2020-04-19 16:52:54.456 (0x7ffe1ed61df0) Warning: /usr/share/icons/Yaru++-Dark/apps/scalable/preferences-desktop-font.svg:173: Could not resolve property: #linearGradient1083
2020-04-19 16:52:54.456 (0x7ffe1ed61df0) Warning: /usr/share/icons/Yaru++-Dark/apps/scalable/preferences-desktop-font.svg:173: Could not resolve property: #linearGradient1083
2020-04-19 16:53:09.450 (0x7ffe1ed61df0) Warning: /usr/share/icons/Yaru++/apps/scalable/preferences-desktop-font.svg:173: Could not resolve property: #linearGradient1083
2020-04-19 16:53:09.450 (0x7ffe1ed61df0) Warning: /usr/share/icons/Yaru++/apps/scalable/preferences-desktop-font.svg:173: Could not resolve property: #linearGradient1083
2020-04-19 16:53:09.450 (0x7ffe1ed61df0) Warning: /usr/share/icons/Yaru++/apps/scalable/preferences-desktop-font.svg:173: Could not resolve property: #linearGradient1083
2020-04-19 16:53:09.450 (0x7ffe1ed61df0) Warning: /usr/share/icons/Yaru++/apps/scalable/preferences-desktop-font.svg:173: Could not resolve property: #linearGradient1083
2020-04-19 16:53:09.451 (0x7ffe1ed61df0) Warning: /usr/share/icons/Yaru++/apps/scalable/preferences-desktop-font.svg:173: Could not resolve property: #linearGradient1083
2020-04-19 16:53:09.451 (0x7ffe1ed61df0) Warning: /usr/share/icons/Yaru++/apps/scalable/preferences-desktop-font.svg:173: Could not resolve property: #linearGradient1083
2020-04-19 16:53:09.451 (0x7ffe1ed61df0) Warning: /usr/share/icons/Yaru++/apps/scalable/preferences-desktop-font.svg:173: Could not resolve property: #linearGradient1083
2020-04-19 16:53:09.451 (0x7ffe1ed61df0) Warning: /usr/share/icons/Yaru++/apps/scalable/preferences-desktop-font.svg:173: Could not resolve property: #linearGradient1083
2020-04-19 16:53:09.452 (0x7ffe1ed61df0) Warning: /usr/share/icons/Yaru++/apps/scalable/preferences-desktop-font.svg:173: Could not resolve property: #linearGradient1083
2020-04-19 16:53:09.452 (0x7ffe1ed61df0) Warning: /usr/share/icons/Yaru++/apps/scalable/preferences-desktop-font.svg:173: Could not resolve property: #linearGradient1083
2020-04-19 16:53:09.452 (0x7ffe1ed61df0) Warning: /usr/share/icons/Yaru++/apps/scalable/preferences-desktop-font.svg:173: Could not resolve property: #linearGradient1083
2020-04-19 16:53:09.452 (0x7ffe1ed61df0) Warning: /usr/share/icons/Yaru++/apps/scalable/preferences-desktop-font.svg:173: Could not resolve property: #linearGradient1083
2020-04-19 16:53:09.453 (0x7ffe1ed61df0) Warning: /usr/share/icons/Yaru++/devices/32/input-mouse.svg:260: Could not resolve property: #radialGradient1113
2020-04-19 16:53:09.453 (0x7ffe1ed61df0) Warning: /usr/share/icons/Yaru++/devices/32/input-mouse.svg:260: Could not resolve property: #radialGradient1113
2020-04-19 16:53:09.454 (0x7ffe1ed61df0) Warning: /usr/share/icons/Yaru++/devices/32/input-mouse.svg:260: Could not resolve property: #radialGradient1113
2020-04-19 16:53:15.738 (0x7ffe1ed61df0) Warning: /usr/share/icons/Yaru++/apps/scalable/preferences-desktop-font.svg:173: Could not resolve property: #linearGradient1083
2020-04-19 16:53:15.738 (0x7ffe1ed61df0) Warning: /usr/share/icons/Yaru++/apps/scalable/preferences-desktop-font.svg:173: Could not resolve property: #linearGradient1083
2020-04-19 16:53:15.738 (0x7ffe1ed61df0) Warning: /usr/share/icons/Yaru++/apps/scalable/preferences-desktop-font.svg:173: Could not resolve property: #linearGradient1083
2020-04-19 16:53:15.738 (0x7ffe1ed61df0) Warning: /usr/share/icons/Yaru++/apps/scalable/preferences-desktop-font.svg:173: Could not resolve property: #linearGradient1083
2020-04-19 16:53:16.995 (0x7ffe1ed61df0) Warning: /usr/share/icons/Yaru++/devices/32/input-mouse.svg:260: Could not resolve property: #radialGradient1113
2020-04-19 16:53:21.985 (0x7ffe590d6fc0) Warning: Invalid Context= "Mimetypes" line for icon theme:  "/usr/share/icons/Yaru++/mimetypes/scalable/"
2020-04-19 16:53:21.985 (0x7ffe590d6fc0) Warning: Invalid Context= "Legacy" line for icon theme:  "/usr/share/icons/Yaru/16x16/legacy/"
2020-04-19 16:53:21.985 (0x7ffe590d6fc0) Warning: Invalid Context= "Legacy" line for icon theme:  "/usr/share/icons/Yaru/22x22/legacy/"
2020-04-19 16:53:21.985 (0x7ffe590d6fc0) Warning: Invalid Context= "Legacy" line for icon theme:  "/usr/share/icons/Yaru/24x24/legacy/"
2020-04-19 16:53:21.986 (0x7ffe590d6fc0) Warning: Invalid Context= "Legacy" line for icon theme:  "/usr/share/icons/Yaru/32x32/legacy/"
2020-04-19 16:53:21.986 (0x7ffe590d6fc0) Warning: Invalid Context= "Legacy" line for icon theme:  "/usr/share/icons/Yaru/48x48/legacy/"
2020-04-19 16:53:21.986 (0x7ffe590d6fc0) Warning: Invalid Context= "Apps" line for icon theme:  "/usr/share/icons/Yaru/256x256@2x/apps/"
2020-04-19 16:53:21.986 (0x7ffe590d6fc0) Warning: Invalid Context= "Mimetypes" line for icon theme:  "/usr/share/icons/Yaru/256x256@2x/mimetypes/"
2020-04-19 16:53:21.986 (0x7ffe590d6fc0) Warning: Invalid Context= "Mimetypes" line for icon theme:  "/usr/share/icons/Yaru/scalable/mimetypes/"
2020-04-19 16:53:21.986 (0x7ffe590d6fc0) Warning: Icon theme "Humanity" not found.
2020-04-19 16:53:21.986 (0x7ffe590d6fc0) Warning: Icon theme "Humanity" not found.
2020-04-19 16:53:23.323 (0x7ffe17322fc0) Warning: QDBusMarshaller: cannot add an invalid QVariant
2020-04-19 16:53:23.323 (0x7ffe17322fc0) Warning: QDBusConnection: error: could not send message to service "org.freedesktop.login1" path "/org/freedesktop/login1" interface "org.freedesktop.login1.Manager" member "CanReboot": Marshalling failed: Variant containing QVariant::Invalid passed in arguments
2020-04-19 16:53:23.476 (0x7ffe17322fc0) Warning: QDBusMarshaller: cannot add an invalid QVariant
2020-04-19 16:53:23.477 (0x7ffe17322fc0) Warning: QDBusConnection: error: could not send message to service "org.freedesktop.login1" path "/org/freedesktop/login1" interface "org.freedesktop.login1.Manager" member "CanReboot": Marshalling failed: Variant containing QVariant::Invalid passed in arguments
2020-04-19 16:53:50.000 (0x7ffcbb24e2c0) Debug: New PolkitAgentListener  0x5654430d5a00
2020-04-19 16:53:50.004 (0x7ffcbb24e2c0) Debug: Adding new listener  PolkitQt1::Agent::Listener(0x7ffcbb24e2d0) for  0x5654430d5a00
2020-04-19 16:53:50.107 (0x7fff39b2dfc0) Warning: Invalid Context= "Mimetypes" line for icon theme:  "/usr/share/icons/Yaru++/mimetypes/scalable/"
2020-04-19 16:53:50.108 (0x7fff39b2dfc0) Warning: Invalid Context= "Legacy" line for icon theme:  "/usr/share/icons/Yaru/16x16/legacy/"
2020-04-19 16:53:50.108 (0x7fff39b2dfc0) Warning: Invalid Context= "Legacy" line for icon theme:  "/usr/share/icons/Yaru/22x22/legacy/"
2020-04-19 16:53:50.108 (0x7fff39b2dfc0) Warning: Invalid Context= "Legacy" line for icon theme:  "/usr/share/icons/Yaru/24x24/legacy/"
2020-04-19 16:53:50.108 (0x7fff39b2dfc0) Warning: Invalid Context= "Legacy" line for icon theme:  "/usr/share/icons/Yaru/32x32/legacy/"
2020-04-19 16:53:50.108 (0x7fff39b2dfc0) Warning: Invalid Context= "Legacy" line for icon theme:  "/usr/share/icons/Yaru/48x48/legacy/"
2020-04-19 16:53:50.109 (0x7fff39b2dfc0) Warning: Invalid Context= "Apps" line for icon theme:  "/usr/share/icons/Yaru/256x256@2x/apps/"
2020-04-19 16:53:50.109 (0x7fff39b2dfc0) Warning: Invalid Context= "Mimetypes" line for icon theme:  "/usr/share/icons/Yaru/256x256@2x/mimetypes/"
2020-04-19 16:53:50.109 (0x7fff39b2dfc0) Warning: Invalid Context= "Mimetypes" line for icon theme:  "/usr/share/icons/Yaru/scalable/mimetypes/"
2020-04-19 16:53:50.109 (0x7fff39b2dfc0) Warning: Icon theme "Humanity" not found.
2020-04-19 16:53:50.109 (0x7fff39b2dfc0) Warning: Icon theme "Humanity" not found.
2020-04-19 16:53:51.541 (0x7fff39b2dfc0) Debug: ()
2020-04-19 16:53:51.933 (0x7fff26afc0c0) Warning: Invalid Context= "Mimetypes" line for icon theme:  "/usr/share/icons/Yaru++/mimetypes/scalable/"
2020-04-19 16:53:51.934 (0x7fff26afc0c0) Warning: Invalid Context= "Legacy" line for icon theme:  "/usr/share/icons/Yaru/16x16/legacy/"
2020-04-19 16:53:51.934 (0x7fff26afc0c0) Warning: Invalid Context= "Legacy" line for icon theme:  "/usr/share/icons/Yaru/22x22/legacy/"
2020-04-19 16:53:51.934 (0x7fff26afc0c0) Warning: Invalid Context= "Legacy" line for icon theme:  "/usr/share/icons/Yaru/24x24/legacy/"
2020-04-19 16:53:51.934 (0x7fff26afc0c0) Warning: Invalid Context= "Legacy" line for icon theme:  "/usr/share/icons/Yaru/32x32/legacy/"
2020-04-19 16:53:51.934 (0x7fff26afc0c0) Warning: Invalid Context= "Legacy" line for icon theme:  "/usr/share/icons/Yaru/48x48/legacy/"
2020-04-19 16:53:51.934 (0x7fff26afc0c0) Warning: Invalid Context= "Apps" line for icon theme:  "/usr/share/icons/Yaru/256x256@2x/apps/"
2020-04-19 16:53:51.934 (0x7fff26afc0c0) Warning: Invalid Context= "Mimetypes" line for icon theme:  "/usr/share/icons/Yaru/256x256@2x/mimetypes/"
2020-04-19 16:53:51.934 (0x7fff26afc0c0) Warning: Invalid Context= "Mimetypes" line for icon theme:  "/usr/share/icons/Yaru/scalable/mimetypes/"
2020-04-19 16:53:51.934 (0x7fff26afc0c0) Warning: Icon theme "Humanity" not found.
2020-04-19 16:53:51.934 (0x7fff26afc0c0) Warning: Icon theme "Humanity" not found.
2020-04-19 16:53:51.943 (0x7fff26afc0c0) Warning: QDBusMarshaller: cannot add an invalid QVariant
2020-04-19 16:53:51.943 (0x7fff26afc0c0) Warning: QDBusConnection: error: could not send message to service "org.freedesktop.login1" path "/org/freedesktop/login1" interface "org.freedesktop.login1.Manager" member "CanHibernate": Marshalling failed: Variant containing QVariant::Invalid passed in arguments
2020-04-19 16:53:51.948 (0x7fff26afc0c0) Warning: QDBusMarshaller: cannot add an invalid QVariant
2020-04-19 16:53:51.948 (0x7fff26afc0c0) Warning: QDBusConnection: error: could not send message to service "org.freedesktop.login1" path "/org/freedesktop/login1" interface "org.freedesktop.login1.Manager" member "CanSuspend": Marshalling failed: Variant containing QVariant::Invalid passed in arguments
2020-04-19 16:53:51.951 (0x7ffdd3c10c10) Warning: QDBusMarshaller: cannot add an invalid QVariant
2020-04-19 16:53:51.951 (0x7ffdd3c10c10) Warning: QDBusConnection: error: could not send message to service "org.freedesktop.login1" path "/org/freedesktop/login1" interface "org.freedesktop.login1.Manager" member "CanReboot": Marshalling failed: Variant containing QVariant::Invalid passed in arguments
2020-04-19 16:53:51.952 (0x7ffdd3c10c10) Warning: QDBusMarshaller: cannot add an invalid QVariant
2020-04-19 16:53:51.952 (0x7ffdd3c10c10) Warning: QDBusConnection: error: could not send message to service "org.freedesktop.login1" path "/org/freedesktop/login1" interface "org.freedesktop.login1.Manager" member "CanPowerOff": Marshalling failed: Variant containing QVariant::Invalid passed in arguments
2020-04-19 16:53:51.972 (0x7fff26afc0c0) Warning: libpng warning: iCCP: known incorrect sRGB profile
2020-04-19 16:53:52.619 (0x7fff39b2dfc0) Debug: WinIdChange 1600008 handle QWidgetWindow(0x55e965e65990, name="LXQtPanel panel1Window") QScreen(0x55e965b8b110, name="eDP-1")
2020-04-19 16:53:52.675 (0x7fff39b2dfc0) Debug: Systray started
2020-04-19 16:53:52.676 (0x7fff39b2dfc0) Warning: Failed enumerating UDisks2 objects: "org.freedesktop.DBus.Error.ServiceUnknown" 
 "The name org.freedesktop.UDisks2 was not provided by any .service files"
2020-04-19 16:53:52.676 (0x7fff39b2dfc0) Warning: Failed enumerating UDisks2 objects: "org.freedesktop.DBus.Error.ServiceUnknown" 
 "The name org.freedesktop.UDisks2 was not provided by any .service files"
2020-04-19 16:53:52.677 (0x7fff39b2dfc0) Warning: Failed enumerating UDisks2 objects: "org.freedesktop.DBus.Error.ServiceUnknown" 
 "The name org.freedesktop.UDisks2 was not provided by any .service files"
2020-04-19 16:53:52.677 (0x7fff39b2dfc0) Warning: Failed enumerating UDisks2 objects: "org.freedesktop.DBus.Error.ServiceUnknown" 
 "The name org.freedesktop.UDisks2 was not provided by any .service files"
2020-04-19 16:53:52.770 (0x7ffe0aea1900) Warning: Invalid Context= "Mimetypes" line for icon theme:  "/usr/share/icons/Yaru++/mimetypes/scalable/"
2020-04-19 16:53:52.773 (0x7ffe0aea1900) Warning: Invalid Context= "Legacy" line for icon theme:  "/usr/share/icons/Yaru/16x16/legacy/"
2020-04-19 16:53:52.773 (0x7ffe0aea1900) Warning: Invalid Context= "Legacy" line for icon theme:  "/usr/share/icons/Yaru/22x22/legacy/"
2020-04-19 16:53:52.773 (0x7ffe0aea1900) Warning: Invalid Context= "Legacy" line for icon theme:  "/usr/share/icons/Yaru/24x24/legacy/"
2020-04-19 16:53:52.774 (0x7ffe0aea1900) Warning: Invalid Context= "Legacy" line for icon theme:  "/usr/share/icons/Yaru/32x32/legacy/"
2020-04-19 16:53:52.774 (0x7ffe0aea1900) Warning: Invalid Context= "Legacy" line for icon theme:  "/usr/share/icons/Yaru/48x48/legacy/"
2020-04-19 16:53:52.775 (0x7ffe0aea1900) Warning: Invalid Context= "Apps" line for icon theme:  "/usr/share/icons/Yaru/256x256@2x/apps/"
2020-04-19 16:53:52.775 (0x7ffe0aea1900) Warning: Invalid Context= "Mimetypes" line for icon theme:  "/usr/share/icons/Yaru/256x256@2x/mimetypes/"
2020-04-19 16:53:52.776 (0x7ffe0aea1900) Warning: Invalid Context= "Mimetypes" line for icon theme:  "/usr/share/icons/Yaru/scalable/mimetypes/"
2020-04-19 16:53:52.776 (0x7ffe0aea1900) Warning: Icon theme "Humanity" not found.
2020-04-19 16:53:52.776 (0x7ffe0aea1900) Warning: Icon theme "Humanity" not found.
2020-04-19 16:53:52.813 (0x7ffe0aea1900) Debug: BatteryChanged discharging: false chargeLevel: 100 actionTime: QTime(Invalid)
2020-04-19 16:53:52.819 (0x7ffe0aea1900) Debug: Inhibit got: 26
2020-04-19 16:53:52.820 (0x7ffe0aea1900) Debug: Starting idlenesswatcher
2020-04-19 16:53:53.969 (0x7fff39b2dfc0) Warning: libpng warning: iCCP: known incorrect sRGB profile
2020-04-19 16:53:55.305 (0x7ffe5fc13f10) Warning: Invalid Context= "Mimetypes" line for icon theme:  "/usr/share/icons/Yaru++/mimetypes/scalable/"
2020-04-19 16:53:55.307 (0x7ffe5fc13f10) Warning: Invalid Context= "Legacy" line for icon theme:  "/usr/share/icons/Yaru/16x16/legacy/"
2020-04-19 16:53:55.307 (0x7ffe5fc13f10) Warning: Invalid Context= "Legacy" line for icon theme:  "/usr/share/icons/Yaru/22x22/legacy/"
2020-04-19 16:53:55.308 (0x7ffe5fc13f10) Warning: Invalid Context= "Legacy" line for icon theme:  "/usr/share/icons/Yaru/24x24/legacy/"
2020-04-19 16:53:55.308 (0x7ffe5fc13f10) Warning: Invalid Context= "Legacy" line for icon theme:  "/usr/share/icons/Yaru/32x32/legacy/"
2020-04-19 16:53:55.308 (0x7ffe5fc13f10) Warning: Invalid Context= "Legacy" line for icon theme:  "/usr/share/icons/Yaru/48x48/legacy/"
2020-04-19 16:53:55.309 (0x7ffe5fc13f10) Warning: Invalid Context= "Apps" line for icon theme:  "/usr/share/icons/Yaru/256x256@2x/apps/"
2020-04-19 16:53:55.310 (0x7ffe5fc13f10) Warning: Invalid Context= "Mimetypes" line for icon theme:  "/usr/share/icons/Yaru/256x256@2x/mimetypes/"
2020-04-19 16:53:55.310 (0x7ffe5fc13f10) Warning: Invalid Context= "Mimetypes" line for icon theme:  "/usr/share/icons/Yaru/scalable/mimetypes/"
2020-04-19 16:53:55.310 (0x7ffe5fc13f10) Warning: Icon theme "Humanity" not found.
2020-04-19 16:53:55.310 (0x7ffe5fc13f10) Warning: Icon theme "Humanity" not found.
2020-04-19 16:54:04.941 (0x7ffecca2ea50) Warning: Invalid Context= "Mimetypes" line for icon theme:  "/usr/share/icons/Yaru++/mimetypes/scalable/"
2020-04-19 16:54:04.942 (0x7ffecca2ea50) Warning: Invalid Context= "Legacy" line for icon theme:  "/usr/share/icons/Yaru/16x16/legacy/"
2020-04-19 16:54:04.942 (0x7ffecca2ea50) Warning: Invalid Context= "Legacy" line for icon theme:  "/usr/share/icons/Yaru/22x22/legacy/"
2020-04-19 16:54:04.942 (0x7ffecca2ea50) Warning: Invalid Context= "Legacy" line for icon theme:  "/usr/share/icons/Yaru/24x24/legacy/"
2020-04-19 16:54:04.942 (0x7ffecca2ea50) Warning: Invalid Context= "Legacy" line for icon theme:  "/usr/share/icons/Yaru/32x32/legacy/"
2020-04-19 16:54:04.942 (0x7ffecca2ea50) Warning: Invalid Context= "Legacy" line for icon theme:  "/usr/share/icons/Yaru/48x48/legacy/"
2020-04-19 16:54:04.943 (0x7ffecca2ea50) Warning: Invalid Context= "Apps" line for icon theme:  "/usr/share/icons/Yaru/256x256@2x/apps/"
2020-04-19 16:54:04.943 (0x7ffecca2ea50) Warning: Invalid Context= "Mimetypes" line for icon theme:  "/usr/share/icons/Yaru/256x256@2x/mimetypes/"
2020-04-19 16:54:04.943 (0x7ffecca2ea50) Warning: Invalid Context= "Mimetypes" line for icon theme:  "/usr/share/icons/Yaru/scalable/mimetypes/"
2020-04-19 16:54:04.943 (0x7ffecca2ea50) Warning: Icon theme "Humanity" not found.
2020-04-19 16:54:04.943 (0x7ffecca2ea50) Warning: Icon theme "Humanity" not found.
2020-04-19 16:54:28.930 (0x7ffe845ec5f0) Warning: Invalid Context= "Mimetypes" line for icon theme:  "/usr/share/icons/Yaru++/mimetypes/scalable/"
2020-04-19 16:54:28.931 (0x7ffe845ec5f0) Warning: Invalid Context= "Legacy" line for icon theme:  "/usr/share/icons/Yaru/16x16/legacy/"
2020-04-19 16:54:28.931 (0x7ffe845ec5f0) Warning: Invalid Context= "Legacy" line for icon theme:  "/usr/share/icons/Yaru/22x22/legacy/"
2020-04-19 16:54:28.931 (0x7ffe845ec5f0) Warning: Invalid Context= "Legacy" line for icon theme:  "/usr/share/icons/Yaru/24x24/legacy/"
2020-04-19 16:54:28.931 (0x7ffe845ec5f0) Warning: Invalid Context= "Legacy" line for icon theme:  "/usr/share/icons/Yaru/32x32/legacy/"
2020-04-19 16:54:28.931 (0x7ffe845ec5f0) Warning: Invalid Context= "Legacy" line for icon theme:  "/usr/share/icons/Yaru/48x48/legacy/"
2020-04-19 16:54:28.931 (0x7ffe845ec5f0) Warning: Invalid Context= "Apps" line for icon theme:  "/usr/share/icons/Yaru/256x256@2x/apps/"
2020-04-19 16:54:28.931 (0x7ffe845ec5f0) Warning: Invalid Context= "Mimetypes" line for icon theme:  "/usr/share/icons/Yaru/256x256@2x/mimetypes/"
2020-04-19 16:54:28.932 (0x7ffe845ec5f0) Warning: Invalid Context= "Mimetypes" line for icon theme:  "/usr/share/icons/Yaru/scalable/mimetypes/"
2020-04-19 16:54:28.932 (0x7ffe845ec5f0) Warning: Icon theme "Humanity" not found.
2020-04-19 16:54:28.932 (0x7ffe845ec5f0) Warning: Icon theme "Humanity" not found.
2020-04-19 16:54:29.476 (0x7ffe845ec5f0) Warning: /usr/share/icons/Yaru++/apps/scalable/preferences-desktop-font.svg:173: Could not resolve property: #linearGradient1083
2020-04-19 16:54:29.476 (0x7ffe845ec5f0) Warning: /usr/share/icons/Yaru++/apps/scalable/preferences-desktop-font.svg:173: Could not resolve property: #linearGradient1083
2020-04-19 16:54:29.476 (0x7ffe845ec5f0) Warning: /usr/share/icons/Yaru++/apps/scalable/preferences-desktop-font.svg:173: Could not resolve property: #linearGradient1083
2020-04-19 16:54:29.476 (0x7ffe845ec5f0) Warning: /usr/share/icons/Yaru++/apps/scalable/preferences-desktop-font.svg:173: Could not resolve property: #linearGradient1083
2020-04-19 16:54:29.478 (0x7ffe845ec5f0) Warning: /usr/share/icons/Yaru++/apps/scalable/preferences-desktop-font.svg:173: Could not resolve property: #linearGradient1083
2020-04-19 16:54:29.478 (0x7ffe845ec5f0) Warning: /usr/share/icons/Yaru++/apps/scalable/preferences-desktop-font.svg:173: Could not resolve property: #linearGradient1083
2020-04-19 16:54:29.478 (0x7ffe845ec5f0) Warning: /usr/share/icons/Yaru++/apps/scalable/preferences-desktop-font.svg:173: Could not resolve property: #linearGradient1083
2020-04-19 16:54:29.478 (0x7ffe845ec5f0) Warning: /usr/share/icons/Yaru++/apps/scalable/preferences-desktop-font.svg:173: Could not resolve property: #linearGradient1083
2020-04-19 16:54:29.480 (0x7ffe845ec5f0) Warning: /usr/share/icons/Yaru++/apps/scalable/preferences-desktop-font.svg:173: Could not resolve property: #linearGradient1083
2020-04-19 16:54:29.480 (0x7ffe845ec5f0) Warning: /usr/share/icons/Yaru++/apps/scalable/preferences-desktop-font.svg:173: Could not resolve property: #linearGradient1083
2020-04-19 16:54:29.480 (0x7ffe845ec5f0) Warning: /usr/share/icons/Yaru++/apps/scalable/preferences-desktop-font.svg:173: Could not resolve property: #linearGradient1083
2020-04-19 16:54:29.480 (0x7ffe845ec5f0) Warning: /usr/share/icons/Yaru++/apps/scalable/preferences-desktop-font.svg:173: Could not resolve property: #linearGradient1083
2020-04-19 16:54:29.483 (0x7ffe845ec5f0) Warning: /usr/share/icons/Yaru++/devices/32/input-mouse.svg:260: Could not resolve property: #radialGradient1113
2020-04-19 16:54:29.484 (0x7ffe845ec5f0) Warning: /usr/share/icons/Yaru++/devices/32/input-mouse.svg:260: Could not resolve property: #radialGradient1113
2020-04-19 16:54:29.486 (0x7ffe845ec5f0) Warning: /usr/share/icons/Yaru++/devices/32/input-mouse.svg:260: Could not resolve property: #radialGradient1113
2020-04-19 16:54:33.487 (0x7fff39b2dfc0) Warning: libpng warning: iCCP: known incorrect sRGB profile
2020-04-19 16:54:33.498 (0x7fff39b2dfc0) Warning: libpng warning: iCCP: known incorrect sRGB profile
2020-04-19 16:54:33.526 (0x7fff39b2dfc0) Warning: libpng warning: iCCP: known incorrect sRGB profile
2020-04-19 16:54:33.545 (0x7fff39b2dfc0) Warning: libpng warning: iCCP: known incorrect sRGB profile
2020-04-19 16:54:33.551 (0x7fff39b2dfc0) Warning: libpng warning: iCCP: known incorrect sRGB profile
2020-04-19 16:54:33.552 (0x7fff39b2dfc0) Warning: libpng warning: iCCP: known incorrect sRGB profile
2020-04-19 16:54:33.552 (0x7fff39b2dfc0) Warning: libpng warning: iCCP: known incorrect sRGB profile
2020-04-19 16:54:33.558 (0x7fff39b2dfc0) Warning: libpng warning: iCCP: known incorrect sRGB profile
2020-04-19 16:58:04.482 (0x7ffdbd8b86e0) Warning: QCommandLineParser: already having an option named "l"
2020-04-19 16:58:04.482 (0x7ffdbd8b86e0) Warning: QCommandLineParser: already having an option named "h"
2020-04-19 16:58:04.482 (0x7ffdbd8b86e0) Warning: QCommandLineParser: already having an option named "help-all"
2020-04-19 16:58:04.485 (0x7ffdbd8b86e0) Warning: Invalid Context= "Mimetypes" line for icon theme:  "/usr/share/icons/Yaru++/mimetypes/scalable/"
2020-04-19 16:58:04.486 (0x7ffdbd8b86e0) Warning: Invalid Context= "Legacy" line for icon theme:  "/usr/share/icons/Yaru/16x16/legacy/"
2020-04-19 16:58:04.486 (0x7ffdbd8b86e0) Warning: Invalid Context= "Legacy" line for icon theme:  "/usr/share/icons/Yaru/22x22/legacy/"
2020-04-19 16:58:04.486 (0x7ffdbd8b86e0) Warning: Invalid Context= "Legacy" line for icon theme:  "/usr/share/icons/Yaru/24x24/legacy/"
2020-04-19 16:58:04.486 (0x7ffdbd8b86e0) Warning: Invalid Context= "Legacy" line for icon theme:  "/usr/share/icons/Yaru/32x32/legacy/"
2020-04-19 16:58:04.486 (0x7ffdbd8b86e0) Warning: Invalid Context= "Legacy" line for icon theme:  "/usr/share/icons/Yaru/48x48/legacy/"
2020-04-19 16:58:04.487 (0x7ffdbd8b86e0) Warning: Invalid Context= "Apps" line for icon theme:  "/usr/share/icons/Yaru/256x256@2x/apps/"
2020-04-19 16:58:04.487 (0x7ffdbd8b86e0) Warning: Invalid Context= "Mimetypes" line for icon theme:  "/usr/share/icons/Yaru/256x256@2x/mimetypes/"
2020-04-19 16:58:04.487 (0x7ffdbd8b86e0) Warning: Invalid Context= "Mimetypes" line for icon theme:  "/usr/share/icons/Yaru/scalable/mimetypes/"
2020-04-19 16:58:04.487 (0x7ffdbd8b86e0) Warning: Icon theme "Humanity" not found.
2020-04-19 16:58:04.487 (0x7ffdbd8b86e0) Warning: Icon theme "Humanity" not found.
2020-04-19 16:58:04.967 (0x7ffdbd8b86e0) Debug: Connecting to KScreen...
2020-04-19 17:04:59.422 (0x7fff39b2dfc0) Warning: QXcbConnection: XCB error: 3 (BadWindow), sequence: 15144, resource id: 39845891, major code: 18 (ChangeProperty), minor code: 0
2020-04-19 17:05:11.918 (0x7ffe6f943390) Warning: Invalid Context= "Mimetypes" line for icon theme:  "/usr/share/icons/Yaru++/mimetypes/scalable/"
2020-04-19 17:05:11.919 (0x7ffe6f943390) Warning: Invalid Context= "Legacy" line for icon theme:  "/usr/share/icons/Yaru/16x16/legacy/"
2020-04-19 17:05:11.919 (0x7ffe6f943390) Warning: Invalid Context= "Legacy" line for icon theme:  "/usr/share/icons/Yaru/22x22/legacy/"
2020-04-19 17:05:11.919 (0x7ffe6f943390) Warning: Invalid Context= "Legacy" line for icon theme:  "/usr/share/icons/Yaru/24x24/legacy/"
2020-04-19 17:05:11.919 (0x7ffe6f943390) Warning: Invalid Context= "Legacy" line for icon theme:  "/usr/share/icons/Yaru/32x32/legacy/"
2020-04-19 17:05:11.919 (0x7ffe6f943390) Warning: Invalid Context= "Legacy" line for icon theme:  "/usr/share/icons/Yaru/48x48/legacy/"
2020-04-19 17:05:11.920 (0x7ffe6f943390) Warning: Invalid Context= "Apps" line for icon theme:  "/usr/share/icons/Yaru/256x256@2x/apps/"
2020-04-19 17:05:11.920 (0x7ffe6f943390) Warning: Invalid Context= "Mimetypes" line for icon theme:  "/usr/share/icons/Yaru/256x256@2x/mimetypes/"
2020-04-19 17:05:11.920 (0x7ffe6f943390) Warning: Invalid Context= "Mimetypes" line for icon theme:  "/usr/share/icons/Yaru/scalable/mimetypes/"
2020-04-19 17:05:11.920 (0x7ffe6f943390) Warning: Icon theme "Humanity" not found.
2020-04-19 17:05:11.920 (0x7ffe6f943390) Warning: Icon theme "Humanity" not found.
2020-04-19 17:05:13.599 (0x7ffdd3c10c10) Warning: QDBusMarshaller: cannot add an invalid QVariant
2020-04-19 17:05:13.599 (0x7ffdd3c10c10) Warning: QDBusConnection: error: could not send message to service "org.freedesktop.login1" path "/org/freedesktop/login1" interface "org.freedesktop.login1.Manager" member "CanReboot": Marshalling failed: Variant containing QVariant::Invalid passed in arguments
2020-04-19 17:05:13.729 (0x7ffdd3c10c10) Warning: QDBusMarshaller: cannot add an invalid QVariant
2020-04-19 17:05:13.729 (0x7ffdd3c10c10) Warning: QDBusConnection: error: could not send message to service "org.freedesktop.login1" path "/org/freedesktop/login1" interface "org.freedesktop.login1.Manager" member "CanReboot": Marshalling failed: Variant containing QVariant::Invalid passed in arguments
